<?xml version="1.0" encoding="UTF-8"?>
<!-- Generated by org.testng.reporters.JUnitReportReporter -->
<testsuite hostname="Balaji" failures="0" tests="1" name="testcases.CreateAccountTest" time="32.870" errors="0" timestamp="08 Aug 2020 12:06:47 GMT" skipped="0">
  <testcase classname="testcases.CreateAccountTest" name="createNewAccount" time="32.870"/>
</testsuite> <!-- testcases.CreateAccountTest -->
